0: @johnnyvrc: RT @aivrc: ・Juさんの書き置き・謎解きワールド・sAKYOn・将棋 https://t.co/sGZNcTjJhU
1: @SUICAIVRC: @aivrc Discordでフレリクを送ったやで
2: @cleantted_s: RT @aivrc: 🌏RESONARK - RhythmGame v1․5
リズムゲームができるワールドに https://t.co/YlTmhxbyya
3: @SUICAIVRC: @aivrc わんもあ睡眠
4: @mada_nanasi_des: ワールドペン Qv Pen (トレイル、消しゴム機能付き) [VRChat] | Package Shop @aivrc https://t.co/s0ykiRGbb8 #booth_pm 

standerd assetを導入す… https://t.co/TjqkmVqFZS
5: @subbrain: RT @aivrc: 🌏RESONARK - RhythmGame v1․5
リズムゲームができるワールドに https://t.co/YlTmhxbyya
6: @usapo_VR: RT @aivrc: 🌏RESONARK - RhythmGame v1․5
リズムゲームができるワールドに https://t.co/YlTmhxbyya
7: @lubin851: 表情・リップシンク・まばたきの干渉対策 [VRChat] | Package Shop @aivrc https://t.co/CoNrYIcKXz #booth_pm
表情まで拘りたいアバタークリエイターやアバター改変の方には是非
8: @HARUNEKO3084: RT @aivrc: 🌏RESONARK - RhythmGame v1․5
リズムゲームができるワールドに https://t.co/YlTmhxbyya
9: @VR_ZombieCutter: RT @aivrc: 🌏RESONARK - RhythmGame v1․5
リズムゲームができるワールドに https://t.co/YlTmhxbyya
#<Twitter::Tweet:0x0000556c8fb21230>
#<Twitter::Tweet:0x0000556c8fb21208>
#<Twitter::Tweet:0x0000556c8fb211e0>
#<Twitter::Tweet:0x0000556c8fb211b8>
#<Twitter::Tweet:0x0000556c8fb21190>
#<Twitter::Tweet:0x0000556c8fb21168>
#<Twitter::Tweet:0x0000556c8fb21140>
#<Twitter::Tweet:0x0000556c8fb21118>
#<Twitter::Tweet:0x0000556c8fb210f0>
#<Twitter::Tweet:0x0000556c8fb210c8>
